Start testing: Jan 19 16:38 IST
----------------------------------------------------------
5/157 Testing: malloc_2.Sanity
5/157 Test: malloc_2.Sanity
Command: "/home/giladeldor/Hafaala4/build/tests/malloc_2_test" "Sanity"
Directory: /home/giladeldor/Hafaala4/build/tests
"malloc_2.Sanity" start time: Jan 19 16:38 IST
Output:
----------------------------------------------------------
Filters: Sanity
Randomness seeded to: 3704419716
===============================================================================
All tests passed (19 assertions in 1 test case)

<end of output>
Test time =   0.02 sec
----------------------------------------------------------
Test Passed.
"malloc_2.Sanity" end time: Jan 19 16:38 IST
"malloc_2.Sanity" time elapsed: 00:00:00
----------------------------------------------------------

6/157 Testing: malloc_2.Check size
6/157 Test: malloc_2.Check size
Command: "/home/giladeldor/Hafaala4/build/tests/malloc_2_test" "Check size"
Directory: /home/giladeldor/Hafaala4/build/tests
"malloc_2.Check size" start time: Jan 19 16:38 IST
Output:
----------------------------------------------------------
Filters: Check size
Randomness seeded to: 3291768300
[..afaala4/malloc_2.cpp:61 (allocateBlock)] meta_data->is_free = false (bool)
[..afaala4/malloc_2.cpp:61 (allocateBlock)] meta_data->size = 33 (uint64_t)
[..afaala4/malloc_2.cpp:61 (allocateBlock)] alloc_size = 42 (uint64_t)
===============================================================================
All tests passed (33 assertions in 1 test case)

<end of output>
Test time =   0.01 sec
----------------------------------------------------------
Test Passed.
"malloc_2.Check size" end time: Jan 19 16:38 IST
"malloc_2.Check size" time elapsed: 00:00:00
----------------------------------------------------------

7/157 Testing: malloc_2.0 size
7/157 Test: malloc_2.0 size
Command: "/home/giladeldor/Hafaala4/build/tests/malloc_2_test" "0 size"
Directory: /home/giladeldor/Hafaala4/build/tests
"malloc_2.0 size" start time: Jan 19 16:38 IST
Output:
----------------------------------------------------------
Filters: 0 size
Randomness seeded to: 220359604
===============================================================================
All tests passed (13 assertions in 1 test case)

<end of output>
Test time =   0.01 sec
----------------------------------------------------------
Test Passed.
"malloc_2.0 size" end time: Jan 19 16:38 IST
"malloc_2.0 size" time elapsed: 00:00:00
----------------------------------------------------------

8/157 Testing: malloc_2.Max size
8/157 Test: malloc_2.Max size
Command: "/home/giladeldor/Hafaala4/build/tests/malloc_2_test" "Max size"
Directory: /home/giladeldor/Hafaala4/build/tests
"malloc_2.Max size" start time: Jan 19 16:38 IST
Output:
----------------------------------------------------------
Filters: Max size
Randomness seeded to: 2679876476
===============================================================================
All tests passed (27 assertions in 1 test case)

<end of output>
Test time =   0.01 sec
----------------------------------------------------------
Test Passed.
"malloc_2.Max size" end time: Jan 19 16:38 IST
"malloc_2.Max size" time elapsed: 00:00:00
----------------------------------------------------------

9/157 Testing: malloc_2.free 1
9/157 Test: malloc_2.free 1
Command: "/home/giladeldor/Hafaala4/build/tests/malloc_2_test" "free 1"
Directory: /home/giladeldor/Hafaala4/build/tests
"malloc_2.free 1" start time: Jan 19 16:38 IST
Output:
----------------------------------------------------------
Filters: free 1
Randomness seeded to: 242556987
[..afaala4/malloc_2.cpp:61 (allocateBlock)] meta_data->is_free = false (bool)
[..afaala4/malloc_2.cpp:61 (allocateBlock)] meta_data->size = 42 (uint64_t)
[..afaala4/malloc_2.cpp:61 (allocateBlock)] alloc_size = 42 (uint64_t)
[..afaala4/malloc_2.cpp:61 (allocateBlock)] meta_data->is_free = false (bool)
[..afaala4/malloc_2.cpp:61 (allocateBlock)] meta_data->size = 42 (uint64_t)
[..afaala4/malloc_2.cpp:61 (allocateBlock)] alloc_size = 42 (uint64_t)
[..afaala4/malloc_2.cpp:61 (allocateBlock)] meta_data->is_free = false (bool)
[..afaala4/malloc_2.cpp:61 (allocateBlock)] meta_data->size = 42 (uint64_t)
[..afaala4/malloc_2.cpp:61 (allocateBlock)] alloc_size = 42 (uint64_t)
[..afaala4/malloc_2.cpp:61 (allocateBlock)] meta_data->is_free = true (bool)
[..afaala4/malloc_2.cpp:61 (allocateBlock)] meta_data->size = 42 (uint64_t)
[..afaala4/malloc_2.cpp:61 (allocateBlock)] alloc_size = 42 (uint64_t)
[..ts/malloc_2_test.cpp:131 (CATCH2_INTERNAL_TEST_8)] (size_t)a = 94691151314976 (uint64_t)
[..ts/malloc_2_test.cpp:131 (CATCH2_INTERNAL_TEST_8)] (size_t)b = 94691151315018 (uint64_t)
[..ts/malloc_2_test.cpp:131 (CATCH2_INTERNAL_TEST_8)] (size_t)c = 94691151315060 (uint64_t)
[..ts/malloc_2_test.cpp:131 (CATCH2_INTERNAL_TEST_8)] (size_t) new_a = 94691151314976 (uint64_t)
[..afaala4/malloc_2.cpp:61 (allocateBlock)] meta_data->is_free = false (bool)
[..afaala4/malloc_2.cpp:61 (allocateBlock)] meta_data->size = 42 (uint64_t)
[..afaala4/malloc_2.cpp:61 (allocateBlock)] alloc_size = 42 (uint64_t)
[..afaala4/malloc_2.cpp:61 (allocateBlock)] meta_data->is_free = true (bool)
[..afaala4/malloc_2.cpp:61 (allocateBlock)] meta_data->size = 42 (uint64_t)
[..afaala4/malloc_2.cpp:61 (allocateBlock)] alloc_size = 42 (uint64_t)
[..afaala4/malloc_2.cpp:61 (allocateBlock)] meta_data->is_free = false (bool)
[..afaala4/malloc_2.cpp:61 (allocateBlock)] meta_data->size = 42 (uint64_t)
[..afaala4/malloc_2.cpp:61 (allocateBlock)] alloc_size = 42 (uint64_t)
[..afaala4/malloc_2.cpp:61 (allocateBlock)] meta_data->is_free = false (bool)
[..afaala4/malloc_2.cpp:61 (allocateBlock)] meta_data->size = 42 (uint64_t)
[..afaala4/malloc_2.cpp:61 (allocateBlock)] alloc_size = 42 (uint64_t)
[..afaala4/malloc_2.cpp:61 (allocateBlock)] meta_data->is_free = true (bool)
[..afaala4/malloc_2.cpp:61 (allocateBlock)] meta_data->size = 42 (uint64_t)
[..afaala4/malloc_2.cpp:61 (allocateBlock)] alloc_size = 42 (uint64_t)
===============================================================================
All tests passed (59 assertions in 1 test case)

<end of output>
Test time =   0.01 sec
----------------------------------------------------------
Test Passed.
"malloc_2.free 1" end time: Jan 19 16:38 IST
"malloc_2.free 1" time elapsed: 00:00:00
----------------------------------------------------------

10/157 Testing: malloc_2.free 2
10/157 Test: malloc_2.free 2
Command: "/home/giladeldor/Hafaala4/build/tests/malloc_2_test" "free 2"
Directory: /home/giladeldor/Hafaala4/build/tests
"malloc_2.free 2" start time: Jan 19 16:38 IST
Output:
----------------------------------------------------------
Filters: free 2
Randomness seeded to: 2907784473
[..afaala4/malloc_2.cpp:61 (allocateBlock)] meta_data->is_free = false (bool)
[..afaala4/malloc_2.cpp:61 (allocateBlock)] meta_data->size = 42 (uint64_t)
[..afaala4/malloc_2.cpp:61 (allocateBlock)] alloc_size = 42 (uint64_t)
[..afaala4/malloc_2.cpp:61 (allocateBlock)] meta_data->is_free = false (bool)
[..afaala4/malloc_2.cpp:61 (allocateBlock)] meta_data->size = 42 (uint64_t)
[..afaala4/malloc_2.cpp:61 (allocateBlock)] alloc_size = 42 (uint64_t)
[..afaala4/malloc_2.cpp:61 (allocateBlock)] meta_data->is_free = false (bool)
[..afaala4/malloc_2.cpp:61 (allocateBlock)] meta_data->size = 42 (uint64_t)
[..afaala4/malloc_2.cpp:61 (allocateBlock)] alloc_size = 42 (uint64_t)
[..afaala4/malloc_2.cpp:61 (allocateBlock)] meta_data->is_free = true (bool)
[..afaala4/malloc_2.cpp:61 (allocateBlock)] meta_data->size = 42 (uint64_t)
[..afaala4/malloc_2.cpp:61 (allocateBlock)] alloc_size = 42 (uint64_t)
[..afaala4/malloc_2.cpp:61 (allocateBlock)] meta_data->is_free = false (bool)
[..afaala4/malloc_2.cpp:61 (allocateBlock)] meta_data->size = 42 (uint64_t)
[..afaala4/malloc_2.cpp:61 (allocateBlock)] alloc_size = 42 (uint64_t)
[..afaala4/malloc_2.cpp:61 (allocateBlock)] meta_data->is_free = true (bool)
[..afaala4/malloc_2.cpp:61 (allocateBlock)] meta_data->size = 42 (uint64_t)
[..afaala4/malloc_2.cpp:61 (allocateBlock)] alloc_size = 42 (uint64_t)
[..afaala4/malloc_2.cpp:61 (allocateBlock)] meta_data->is_free = false (bool)
[..afaala4/malloc_2.cpp:61 (allocateBlock)] meta_data->size = 42 (uint64_t)
[..afaala4/malloc_2.cpp:61 (allocateBlock)] alloc_size = 42 (uint64_t)
[..afaala4/malloc_2.cpp:61 (allocateBlock)] meta_data->is_free = false (bool)
[..afaala4/malloc_2.cpp:61 (allocateBlock)] meta_data->size = 42 (uint64_t)
[..afaala4/malloc_2.cpp:61 (allocateBlock)] alloc_size = 42 (uint64_t)
[..afaala4/malloc_2.cpp:61 (allocateBlock)] meta_data->is_free = true (bool)
[..afaala4/malloc_2.cpp:61 (allocateBlock)] meta_data->size = 42 (uint64_t)
[..afaala4/malloc_2.cpp:61 (allocateBlock)] alloc_size = 42 (uint64_t)
===============================================================================
All tests passed (59 assertions in 1 test case)

<end of output>
Test time =   0.01 sec
----------------------------------------------------------
Test Passed.
"malloc_2.free 2" end time: Jan 19 16:38 IST
"malloc_2.free 2" time elapsed: 00:00:00
----------------------------------------------------------

11/157 Testing: malloc_2.free 3
11/157 Test: malloc_2.free 3
Command: "/home/giladeldor/Hafaala4/build/tests/malloc_2_test" "free 3"
Directory: /home/giladeldor/Hafaala4/build/tests
"malloc_2.free 3" start time: Jan 19 16:38 IST
Output:
----------------------------------------------------------
Filters: free 3
Randomness seeded to: 2750010378
[..afaala4/malloc_2.cpp:61 (allocateBlock)] meta_data->is_free = false (bool)
[..afaala4/malloc_2.cpp:61 (allocateBlock)] meta_data->size = 42 (uint64_t)
[..afaala4/malloc_2.cpp:61 (allocateBlock)] alloc_size = 42 (uint64_t)
[..afaala4/malloc_2.cpp:61 (allocateBlock)] meta_data->is_free = false (bool)
[..afaala4/malloc_2.cpp:61 (allocateBlock)] meta_data->size = 42 (uint64_t)
[..afaala4/malloc_2.cpp:61 (allocateBlock)] alloc_size = 42 (uint64_t)
[..afaala4/malloc_2.cpp:61 (allocateBlock)] meta_data->is_free = false (bool)
[..afaala4/malloc_2.cpp:61 (allocateBlock)] meta_data->size = 42 (uint64_t)
[..afaala4/malloc_2.cpp:61 (allocateBlock)] alloc_size = 42 (uint64_t)
[..afaala4/malloc_2.cpp:61 (allocateBlock)] meta_data->is_free = true (bool)
[..afaala4/malloc_2.cpp:61 (allocateBlock)] meta_data->size = 42 (uint64_t)
[..afaala4/malloc_2.cpp:61 (allocateBlock)] alloc_size = 42 (uint64_t)
[..afaala4/malloc_2.cpp:61 (allocateBlock)] meta_data->is_free = false (bool)
[..afaala4/malloc_2.cpp:61 (allocateBlock)] meta_data->size = 42 (uint64_t)
[..afaala4/malloc_2.cpp:61 (allocateBlock)] alloc_size = 42 (uint64_t)
[..afaala4/malloc_2.cpp:61 (allocateBlock)] meta_data->is_free = true (bool)
[..afaala4/malloc_2.cpp:61 (allocateBlock)] meta_data->size = 42 (uint64_t)
[..afaala4/malloc_2.cpp:61 (allocateBlock)] alloc_size = 42 (uint64_t)
[..afaala4/malloc_2.cpp:61 (allocateBlock)] meta_data->is_free = false (bool)
[..afaala4/malloc_2.cpp:61 (allocateBlock)] meta_data->size = 42 (uint64_t)
[..afaala4/malloc_2.cpp:61 (allocateBlock)] alloc_size = 42 (uint64_t)
[..afaala4/malloc_2.cpp:61 (allocateBlock)] meta_data->is_free = false (bool)
[..afaala4/malloc_2.cpp:61 (allocateBlock)] meta_data->size = 42 (uint64_t)
[..afaala4/malloc_2.cpp:61 (allocateBlock)] alloc_size = 42 (uint64_t)
[..afaala4/malloc_2.cpp:61 (allocateBlock)] meta_data->is_free = true (bool)
[..afaala4/malloc_2.cpp:61 (allocateBlock)] meta_data->size = 42 (uint64_t)
[..afaala4/malloc_2.cpp:61 (allocateBlock)] alloc_size = 42 (uint64_t)
===============================================================================
All tests passed (59 assertions in 1 test case)

<end of output>
Test time =   0.01 sec
----------------------------------------------------------
Test Passed.
"malloc_2.free 3" end time: Jan 19 16:38 IST
"malloc_2.free 3" time elapsed: 00:00:00
----------------------------------------------------------

12/157 Testing: malloc_2.Reuse
12/157 Test: malloc_2.Reuse
Command: "/home/giladeldor/Hafaala4/build/tests/malloc_2_test" "Reuse"
Directory: /home/giladeldor/Hafaala4/build/tests
"malloc_2.Reuse" start time: Jan 19 16:38 IST
Output:
----------------------------------------------------------
Filters: Reuse
Randomness seeded to: 107789564
[..afaala4/malloc_2.cpp:61 (allocateBlock)] meta_data->is_free = true (bool)
[..afaala4/malloc_2.cpp:61 (allocateBlock)] meta_data->size = 42 (uint64_t)
[..afaala4/malloc_2.cpp:61 (allocateBlock)] alloc_size = 42 (uint64_t)
===============================================================================
All tests passed (32 assertions in 1 test case)

<end of output>
Test time =   0.01 sec
----------------------------------------------------------
Test Passed.
"malloc_2.Reuse" end time: Jan 19 16:38 IST
"malloc_2.Reuse" time elapsed: 00:00:00
----------------------------------------------------------

13/157 Testing: malloc_2.Reuse two blocks
13/157 Test: malloc_2.Reuse two blocks
Command: "/home/giladeldor/Hafaala4/build/tests/malloc_2_test" "Reuse two blocks"
Directory: /home/giladeldor/Hafaala4/build/tests
"malloc_2.Reuse two blocks" start time: Jan 19 16:38 IST
Output:
----------------------------------------------------------
Filters: Reuse two blocks
Randomness seeded to: 1951280096
[..afaala4/malloc_2.cpp:61 (allocateBlock)] meta_data->is_free = false (bool)
[..afaala4/malloc_2.cpp:61 (allocateBlock)] meta_data->size = 42 (uint64_t)
[..afaala4/malloc_2.cpp:61 (allocateBlock)] alloc_size = 42 (uint64_t)
[..afaala4/malloc_2.cpp:61 (allocateBlock)] meta_data->is_free = true (bool)
[..afaala4/malloc_2.cpp:61 (allocateBlock)] meta_data->size = 42 (uint64_t)
[..afaala4/malloc_2.cpp:61 (allocateBlock)] alloc_size = 42 (uint64_t)
===============================================================================
All tests passed (46 assertions in 1 test case)

<end of output>
Test time =   0.00 sec
----------------------------------------------------------
Test Passed.
"malloc_2.Reuse two blocks" end time: Jan 19 16:38 IST
"malloc_2.Reuse two blocks" time elapsed: 00:00:00
----------------------------------------------------------

14/157 Testing: malloc_2.Reuse two blocks reverse
14/157 Test: malloc_2.Reuse two blocks reverse
Command: "/home/giladeldor/Hafaala4/build/tests/malloc_2_test" "Reuse two blocks reverse"
Directory: /home/giladeldor/Hafaala4/build/tests
"malloc_2.Reuse two blocks reverse" start time: Jan 19 16:38 IST
Output:
----------------------------------------------------------
Filters: Reuse two blocks reverse
Randomness seeded to: 3435553131
[..afaala4/malloc_2.cpp:61 (allocateBlock)] meta_data->is_free = false (bool)
[..afaala4/malloc_2.cpp:61 (allocateBlock)] meta_data->size = 42 (uint64_t)
[..afaala4/malloc_2.cpp:61 (allocateBlock)] alloc_size = 42 (uint64_t)
[..afaala4/malloc_2.cpp:61 (allocateBlock)] meta_data->is_free = false (bool)
[..afaala4/malloc_2.cpp:61 (allocateBlock)] meta_data->size = 42 (uint64_t)
[..afaala4/malloc_2.cpp:61 (allocateBlock)] alloc_size = 42 (uint64_t)
[..afaala4/malloc_2.cpp:61 (allocateBlock)] meta_data->is_free = true (bool)
[..afaala4/malloc_2.cpp:61 (allocateBlock)] meta_data->size = 42 (uint64_t)
[..afaala4/malloc_2.cpp:61 (allocateBlock)] alloc_size = 42 (uint64_t)
===============================================================================
All tests passed (46 assertions in 1 test case)

<end of output>
Test time =   0.01 sec
----------------------------------------------------------
Test Passed.
"malloc_2.Reuse two blocks reverse" end time: Jan 19 16:38 IST
"malloc_2.Reuse two blocks reverse" time elapsed: 00:00:00
----------------------------------------------------------

15/157 Testing: malloc_2.Reuse two blocks both
15/157 Test: malloc_2.Reuse two blocks both
Command: "/home/giladeldor/Hafaala4/build/tests/malloc_2_test" "Reuse two blocks both"
Directory: /home/giladeldor/Hafaala4/build/tests
"malloc_2.Reuse two blocks both" start time: Jan 19 16:38 IST
Output:
----------------------------------------------------------
Filters: Reuse two blocks both
Randomness seeded to: 1787235232
[..afaala4/malloc_2.cpp:61 (allocateBlock)] meta_data->is_free = false (bool)
[..afaala4/malloc_2.cpp:61 (allocateBlock)] meta_data->size = 42 (uint64_t)
[..afaala4/malloc_2.cpp:61 (allocateBlock)] alloc_size = 42 (uint64_t)
[..afaala4/malloc_2.cpp:61 (allocateBlock)] meta_data->is_free = true (bool)
[..afaala4/malloc_2.cpp:61 (allocateBlock)] meta_data->size = 42 (uint64_t)
[..afaala4/malloc_2.cpp:61 (allocateBlock)] alloc_size = 42 (uint64_t)
===============================================================================
All tests passed (46 assertions in 1 test case)

<end of output>
Test time =   0.01 sec
----------------------------------------------------------
Test Passed.
"malloc_2.Reuse two blocks both" end time: Jan 19 16:38 IST
"malloc_2.Reuse two blocks both" time elapsed: 00:00:00
----------------------------------------------------------

16/157 Testing: malloc_2.Reuse two blocks sizes small
16/157 Test: malloc_2.Reuse two blocks sizes small
Command: "/home/giladeldor/Hafaala4/build/tests/malloc_2_test" "Reuse two blocks sizes small"
Directory: /home/giladeldor/Hafaala4/build/tests
"malloc_2.Reuse two blocks sizes small" start time: Jan 19 16:38 IST
Output:
----------------------------------------------------------
Filters: Reuse two blocks sizes small
Randomness seeded to: 811339993
[..afaala4/malloc_2.cpp:61 (allocateBlock)] meta_data->is_free = false (bool)
[..afaala4/malloc_2.cpp:61 (allocateBlock)] meta_data->size = 42 (uint64_t)
[..afaala4/malloc_2.cpp:61 (allocateBlock)] alloc_size = 132 (uint64_t)
[..afaala4/malloc_2.cpp:61 (allocateBlock)] meta_data->is_free = true (bool)
[..afaala4/malloc_2.cpp:61 (allocateBlock)] meta_data->size = 42 (uint64_t)
[..afaala4/malloc_2.cpp:61 (allocateBlock)] alloc_size = 42 (uint64_t)
===============================================================================
All tests passed (46 assertions in 1 test case)

<end of output>
Test time =   0.00 sec
----------------------------------------------------------
Test Passed.
"malloc_2.Reuse two blocks sizes small" end time: Jan 19 16:38 IST
"malloc_2.Reuse two blocks sizes small" time elapsed: 00:00:00
----------------------------------------------------------

17/157 Testing: malloc_2.Reuse two blocks sizes large
17/157 Test: malloc_2.Reuse two blocks sizes large
Command: "/home/giladeldor/Hafaala4/build/tests/malloc_2_test" "Reuse two blocks sizes large"
Directory: /home/giladeldor/Hafaala4/build/tests
"malloc_2.Reuse two blocks sizes large" start time: Jan 19 16:38 IST
Output:
----------------------------------------------------------
Filters: Reuse two blocks sizes large
Randomness seeded to: 2799066710
[..afaala4/malloc_2.cpp:61 (allocateBlock)] meta_data->is_free = false (bool)
[..afaala4/malloc_2.cpp:61 (allocateBlock)] meta_data->size = 42 (uint64_t)
[..afaala4/malloc_2.cpp:61 (allocateBlock)] alloc_size = 132 (uint64_t)
[..afaala4/malloc_2.cpp:61 (allocateBlock)] meta_data->is_free = true (bool)
[..afaala4/malloc_2.cpp:61 (allocateBlock)] meta_data->size = 42 (uint64_t)
[..afaala4/malloc_2.cpp:61 (allocateBlock)] alloc_size = 132 (uint64_t)
[..afaala4/malloc_2.cpp:61 (allocateBlock)] meta_data->is_free = true (bool)
[..afaala4/malloc_2.cpp:61 (allocateBlock)] meta_data->size = 132 (uint64_t)
[..afaala4/malloc_2.cpp:61 (allocateBlock)] alloc_size = 132 (uint64_t)
===============================================================================
All tests passed (46 assertions in 1 test case)

<end of output>
Test time =   0.00 sec
----------------------------------------------------------
Test Passed.
"malloc_2.Reuse two blocks sizes large" end time: Jan 19 16:38 IST
"malloc_2.Reuse two blocks sizes large" time elapsed: 00:00:00
----------------------------------------------------------

18/157 Testing: malloc_2.scalloc
18/157 Test: malloc_2.scalloc
Command: "/home/giladeldor/Hafaala4/build/tests/malloc_2_test" "scalloc"
Directory: /home/giladeldor/Hafaala4/build/tests
"malloc_2.scalloc" start time: Jan 19 16:38 IST
Output:
----------------------------------------------------------
Filters: scalloc
Randomness seeded to: 2330444630
[..afaala4/malloc_2.cpp:61 (allocateBlock)] meta_data->is_free = false (bool)
[..afaala4/malloc_2.cpp:61 (allocateBlock)] meta_data->size = 42 (uint64_t)
[..afaala4/malloc_2.cpp:61 (allocateBlock)] alloc_size = 432 (uint64_t)
===============================================================================
All tests passed (51 assertions in 1 test case)

<end of output>
Test time =   0.01 sec
----------------------------------------------------------
Test Passed.
"malloc_2.scalloc" end time: Jan 19 16:38 IST
"malloc_2.scalloc" time elapsed: 00:00:00
----------------------------------------------------------

19/157 Testing: malloc_2.scalloc taint
19/157 Test: malloc_2.scalloc taint
Command: "/home/giladeldor/Hafaala4/build/tests/malloc_2_test" "scalloc taint"
Directory: /home/giladeldor/Hafaala4/build/tests
"malloc_2.scalloc taint" start time: Jan 19 16:38 IST
Output:
----------------------------------------------------------
Filters: scalloc taint
Randomness seeded to: 4041480277
[..afaala4/malloc_2.cpp:61 (allocateBlock)] meta_data->is_free = true (bool)
[..afaala4/malloc_2.cpp:61 (allocateBlock)] meta_data->size = 432 (uint64_t)
[..afaala4/malloc_2.cpp:61 (allocateBlock)] alloc_size = 432 (uint64_t)
===============================================================================
All tests passed (232 assertions in 1 test case)

<end of output>
Test time =   0.00 sec
----------------------------------------------------------
Test Passed.
"malloc_2.scalloc taint" end time: Jan 19 16:38 IST
"malloc_2.scalloc taint" time elapsed: 00:00:00
----------------------------------------------------------

20/157 Testing: malloc_2.scalloc 0 size
20/157 Test: malloc_2.scalloc 0 size
Command: "/home/giladeldor/Hafaala4/build/tests/malloc_2_test" "scalloc 0 size"
Directory: /home/giladeldor/Hafaala4/build/tests
"malloc_2.scalloc 0 size" start time: Jan 19 16:38 IST
Output:
----------------------------------------------------------
Filters: scalloc 0 size
Randomness seeded to: 575866771
===============================================================================
All tests passed (21 assertions in 1 test case)

<end of output>
Test time =   0.00 sec
----------------------------------------------------------
Test Passed.
"malloc_2.scalloc 0 size" end time: Jan 19 16:38 IST
"malloc_2.scalloc 0 size" time elapsed: 00:00:00
----------------------------------------------------------

21/157 Testing: malloc_2.scalloc Max size num
21/157 Test: malloc_2.scalloc Max size num
Command: "/home/giladeldor/Hafaala4/build/tests/malloc_2_test" "scalloc Max size num"
Directory: /home/giladeldor/Hafaala4/build/tests
"malloc_2.scalloc Max size num" start time: Jan 19 16:38 IST
Output:
----------------------------------------------------------
Filters: scalloc Max size num
Randomness seeded to: 4077715968
===============================================================================
All tests passed (27 assertions in 1 test case)

<end of output>
Test time =   0.15 sec
----------------------------------------------------------
Test Passed.
"malloc_2.scalloc Max size num" end time: Jan 19 16:38 IST
"malloc_2.scalloc Max size num" time elapsed: 00:00:00
----------------------------------------------------------

22/157 Testing: malloc_2.scalloc Max size size
22/157 Test: malloc_2.scalloc Max size size
Command: "/home/giladeldor/Hafaala4/build/tests/malloc_2_test" "scalloc Max size size"
Directory: /home/giladeldor/Hafaala4/build/tests
"malloc_2.scalloc Max size size" start time: Jan 19 16:38 IST
Output:
----------------------------------------------------------
Filters: scalloc Max size size
Randomness seeded to: 3378055071
===============================================================================
All tests passed (27 assertions in 1 test case)

<end of output>
Test time =   0.12 sec
----------------------------------------------------------
Test Passed.
"malloc_2.scalloc Max size size" end time: Jan 19 16:38 IST
"malloc_2.scalloc Max size size" time elapsed: 00:00:00
----------------------------------------------------------

23/157 Testing: malloc_2.scalloc Max size both
23/157 Test: malloc_2.scalloc Max size both
Command: "/home/giladeldor/Hafaala4/build/tests/malloc_2_test" "scalloc Max size both"
Directory: /home/giladeldor/Hafaala4/build/tests
"malloc_2.scalloc Max size both" start time: Jan 19 16:38 IST
Output:
----------------------------------------------------------
Filters: scalloc Max size both
Randomness seeded to: 3516720822
===============================================================================
All tests passed (35 assertions in 1 test case)

<end of output>
Test time =   0.10 sec
----------------------------------------------------------
Test Passed.
"malloc_2.scalloc Max size both" end time: Jan 19 16:38 IST
"malloc_2.scalloc Max size both" time elapsed: 00:00:00
----------------------------------------------------------

24/157 Testing: malloc_2.realloc
24/157 Test: malloc_2.realloc
Command: "/home/giladeldor/Hafaala4/build/tests/malloc_2_test" "realloc"
Directory: /home/giladeldor/Hafaala4/build/tests
"malloc_2.realloc" start time: Jan 19 16:38 IST
Output:
----------------------------------------------------------
Filters: realloc
Randomness seeded to: 4002801198
[..afaala4/malloc_2.cpp:61 (allocateBlock)] meta_data->is_free = false (bool)
[..afaala4/malloc_2.cpp:61 (allocateBlock)] meta_data->size = 72 (uint64_t)
[..afaala4/malloc_2.cpp:61 (allocateBlock)] alloc_size = 432 (uint64_t)
===============================================================================
All tests passed (36 assertions in 1 test case)

<end of output>
Test time =   0.01 sec
----------------------------------------------------------
Test Passed.
"malloc_2.realloc" end time: Jan 19 16:38 IST
"malloc_2.realloc" time elapsed: 00:00:00
----------------------------------------------------------

25/157 Testing: malloc_2.realloc shrink
25/157 Test: malloc_2.realloc shrink
Command: "/home/giladeldor/Hafaala4/build/tests/malloc_2_test" "realloc shrink"
Directory: /home/giladeldor/Hafaala4/build/tests
"malloc_2.realloc shrink" start time: Jan 19 16:38 IST
Output:
----------------------------------------------------------
Filters: realloc shrink
Randomness seeded to: 18240007
===============================================================================
All tests passed (36 assertions in 1 test case)

<end of output>
Test time =   0.01 sec
----------------------------------------------------------
Test Passed.
"malloc_2.realloc shrink" end time: Jan 19 16:38 IST
"malloc_2.realloc shrink" time elapsed: 00:00:00
----------------------------------------------------------

26/157 Testing: malloc_2.srealloc Max size
26/157 Test: malloc_2.srealloc Max size
Command: "/home/giladeldor/Hafaala4/build/tests/malloc_2_test" "srealloc Max size"
Directory: /home/giladeldor/Hafaala4/build/tests
"malloc_2.srealloc Max size" start time: Jan 19 16:38 IST
Output:
----------------------------------------------------------
Filters: srealloc Max size
Randomness seeded to: 3563291397
===============================================================================
All tests passed (35 assertions in 1 test case)

<end of output>
Test time =   0.01 sec
----------------------------------------------------------
Test Passed.
"malloc_2.srealloc Max size" end time: Jan 19 16:38 IST
"malloc_2.srealloc Max size" time elapsed: 00:00:00
----------------------------------------------------------

End testing: Jan 19 16:38 IST
